2025-11-08 23:34:56,027 - INFO - Carregando cidades de C:\Users\Ken\Desktop\Projeto\Oportunidades Empresa\Trae - Negocios\input\cidades.csv
2025-11-08 23:34:56,029 - INFO - Carregando nichos de C:\Users\Ken\Desktop\Projeto\Oportunidades Empresa\Trae - Negocios\input\nichos.csv
2025-11-08 23:34:56,031 - INFO - Modo 'default' ativado. Carregando nichos de nichos.csv e cidades de cidades.csv.
2025-11-08 23:34:56,031 - INFO - Iniciando busca para o nicho 'Regularização de imóveis antigos e galpões industriais' na cidade 'Rio de Janeiro'.
2025-11-08 23:34:58,307 - INFO - Navegando para o Google Maps para buscar 'Regularização de imóveis antigos e galpões industriais' em 'Rio de Janeiro'...
2025-11-08 23:35:08,614 - INFO - Pop-up de cookies não encontrado ou já aceito.
2025-11-08 23:35:17,522 - INFO - Busca realizada. Aguardando resultados...
2025-11-08 23:35:20,203 - INFO - Empresas visíveis antes da rolagem: 8
2025-11-08 23:35:25,402 - INFO - Empresas visíveis após rolagem: 8
2025-11-08 23:35:25,402 - INFO - Nenhuma nova empresa visível detectada. Contador: 1/15
2025-11-08 23:35:25,402 - INFO - Tentando extrair dados para o cartão 0...
2025-11-08 23:35:25,412 - INFO -   Nome encontrado: Green Imóveis
2025-11-08 23:35:55,426 - WARNING -   Cartão 0: Endereço não encontrado.
2025-11-08 23:35:55,432 - INFO -   Rating encontrado: 4.2
2025-11-08 23:35:55,432 - INFO -   Reviews encontrado: 28
2025-11-08 23:35:55,449 - INFO -   Telefone encontrado: (21) 2439-0531
2025-11-08 23:35:55,459 - INFO -   Website encontrado: N/A
2025-11-08 23:35:55,467 - INFO -   Tipo de negócio encontrado: Imobiliária
2025-11-08 23:35:55,469 - INFO -   Cartão 0 (ID: 2780590862223705466) - NOVO. Adicionado.
2025-11-08 23:35:55,469 - INFO - Tentando extrair dados para o cartão 1...
2025-11-08 23:35:55,475 - INFO -   Nome encontrado: Sérgio Castro Imóveis (Copacabana)
2025-11-08 23:36:25,480 - WARNING -   Cartão 1: Endereço não encontrado.
2025-11-08 23:36:25,485 - INFO -   Rating encontrado: 4.9
2025-11-08 23:36:25,494 - INFO -   Reviews encontrado: 8
2025-11-08 23:36:25,500 - INFO -   Telefone encontrado: (21) 2199-3722
2025-11-08 23:36:25,508 - INFO -   Website encontrado: N/A
2025-11-08 23:36:25,513 - INFO -   Tipo de negócio encontrado: Imobiliária
2025-11-08 23:36:25,513 - INFO -   Cartão 1 (ID: 1548769841615646026) - NOVO. Adicionado.
2025-11-08 23:36:25,513 - INFO - Tentando extrair dados para o cartão 2...
2025-11-08 23:36:25,522 - INFO -   Nome encontrado: Aluguel de Galpão RJ
2025-11-08 23:36:25,529 - INFO -   Endereço encontrado:  · Av. Nossa Sra. de Copacabana, 435/1108
2025-11-08 23:36:25,535 - INFO -   Rating encontrado: 5.0
2025-11-08 23:36:25,542 - INFO -   Reviews encontrado: 1
2025-11-08 23:36:25,552 - INFO -   Telefone encontrado: (21) 99260-3562
2025-11-08 23:36:25,556 - INFO -   Website encontrado: https://antonioterra.com/
2025-11-08 23:36:25,562 - INFO -   Tipo de negócio encontrado: Agência de imóveis comerciais
2025-11-08 23:36:25,562 - INFO -   Cartão 2 (ID: -4174751625167368479) - NOVO. Adicionado.
2025-11-08 23:36:25,562 - INFO - Tentando extrair dados para o cartão 3...
2025-11-08 23:36:25,570 - INFO -   Nome encontrado: Heranca Negócios Imobiliários & Assessoria Jurídica
2025-11-08 23:36:25,578 - INFO -   Endereço encontrado:  · Estr. dos Bandeirantes, nº 470
2025-11-08 23:36:25,586 - INFO -   Rating encontrado: 4.6
2025-11-08 23:36:25,592 - INFO -   Reviews encontrado: 30
2025-11-08 23:36:25,598 - INFO -   Telefone encontrado: (21) 3627-0027
2025-11-08 23:36:25,604 - INFO -   Website encontrado: http://www.herancaimoveis.com.br/
2025-11-08 23:36:25,611 - INFO -   Tipo de negócio encontrado: Imobiliária de aluguel de residências
2025-11-08 23:36:25,611 - INFO -   Cartão 3 (ID: -5749310779831260445) - NOVO. Adicionado.
2025-11-08 23:36:25,612 - INFO - Tentando extrair dados para o cartão 4...
2025-11-08 23:36:25,615 - INFO -   Nome encontrado: Guarde Mais - Tv. Santo Antônio | Self Storage, Guarda Móveis, Guarda Volumes e Armazenagem em Niterói
2025-11-08 23:36:25,622 - INFO -   Endereço encontrado:  · Tv. Santo Antônio, 14
2025-11-08 23:36:25,630 - INFO -   Rating encontrado: 4.9
2025-11-08 23:36:25,636 - INFO -   Reviews encontrado: 130
2025-11-08 23:36:25,642 - INFO -   Telefone encontrado: (21) 98417-9482
2025-11-08 23:36:25,652 - INFO -   Website encontrado: https://guardemais.com.br/unidades-self-storage/rio-de-janeiro/niteroi/niteroi-travessa-santo-antonio/
2025-11-08 23:36:25,654 - INFO -   Tipo de negócio encontrado: Depósito
2025-11-08 23:36:25,654 - INFO -   Cartão 4 (ID: -5201103633208753706) - NOVO. Adicionado.
2025-11-08 23:36:25,654 - INFO - Tentando extrair dados para o cartão 5...
2025-11-08 23:36:25,662 - INFO -   Nome encontrado: Cabral & Mesack
2025-11-08 23:36:25,668 - INFO -   Endereço encontrado:  · R. Silva Cardoso, 50 - Loja A
2025-11-08 23:36:25,675 - INFO -   Rating encontrado: 4.2
2025-11-08 23:36:25,685 - INFO -   Reviews encontrado: 181
2025-11-08 23:36:25,692 - INFO -   Telefone encontrado: (21) 2401-6179
2025-11-08 23:36:25,699 - INFO -   Website encontrado: http://www.cabralemesack.com.br/
2025-11-08 23:36:25,706 - INFO -   Tipo de negócio encontrado: Imobiliária
2025-11-08 23:36:25,707 - INFO -   Cartão 5 (ID: -2960769162377591685) - NOVO. Adicionado.
2025-11-08 23:36:25,707 - INFO - Tentando extrair dados para o cartão 6...
2025-11-08 23:36:25,715 - INFO -   Nome encontrado: Instituto Nacional da Propriedade Industrial
2025-11-08 23:36:25,722 - INFO -   Endereço encontrado:  · Rua Mairink Veiga, 9
2025-11-08 23:36:25,728 - INFO -   Rating encontrado: 4.3
2025-11-08 23:36:25,735 - INFO -   Reviews encontrado: 322
2025-11-08 23:36:25,742 - INFO -   Telefone encontrado: (21) 3037-3000
2025-11-08 23:36:25,750 - INFO -   Website encontrado: http://www.gov.br/inpi
2025-11-08 23:36:25,757 - INFO -   Tipo de negócio encontrado: Repartição pública federal
2025-11-08 23:36:25,757 - INFO -   Cartão 6 (ID: -471693551329737424) - NOVO. Adicionado.
2025-11-08 23:36:25,757 - INFO - Tentando extrair dados para o cartão 7...
2025-11-08 23:36:25,763 - INFO -   Nome encontrado: ROYAL IMÓVEIS RJ
2025-11-08 23:36:25,769 - INFO -   Endereço encontrado:  · Estrada de Jacarepaguá 7221 Salas 316, 317 e 318
2025-11-08 23:36:25,775 - INFO -   Rating encontrado: 5.0
2025-11-08 23:36:25,783 - INFO -   Reviews encontrado: 190
2025-11-08 23:36:25,787 - INFO -   Telefone encontrado: (21) 99800-1209
2025-11-08 23:36:25,796 - INFO -   Website encontrado: http://www.royalimoveisrj.com/
2025-11-08 23:36:25,803 - INFO -   Tipo de negócio encontrado: Imobiliária
2025-11-08 23:36:25,803 - INFO -   Cartão 7 (ID: -5325251648547731240) - NOVO. Adicionado.
2025-11-08 23:36:25,803 - INFO - Novas empresas únicas detectadas nesta rolagem. Resetando contador.
2025-11-08 23:36:25,830 - INFO - Empresas visíveis antes da rolagem: 8
2025-11-08 23:36:29,195 - INFO - Empresas visíveis após rolagem: 11
2025-11-08 23:36:29,195 - INFO - Novas empresas visíveis detectadas: 3
2025-11-08 23:36:29,195 - INFO - Tentando extrair dados para o cartão 0...
2025-11-08 23:36:29,202 - INFO -   Nome encontrado: Green Imóveis
2025-11-08 23:36:59,209 - WARNING -   Cartão 0: Endereço não encontrado.
2025-11-08 23:36:59,217 - INFO -   Rating encontrado: 4.2
2025-11-08 23:36:59,225 - INFO -   Reviews encontrado: 28
2025-11-08 23:36:59,231 - INFO -   Telefone encontrado: (21) 2439-0531
2025-11-08 23:36:59,240 - INFO -   Website encontrado: N/A
2025-11-08 23:36:59,246 - INFO -   Tipo de negócio encontrado: Imobiliária
2025-11-08 23:36:59,246 - INFO -   Cartão 0 (ID: 2780590862223705466) - JÁ PROCESSADO. Ignorando.
2025-11-08 23:36:59,246 - INFO - Tentando extrair dados para o cartão 1...
2025-11-08 23:36:59,251 - INFO -   Nome encontrado: Sérgio Castro Imóveis (Copacabana)
2025-11-08 23:37:29,260 - WARNING -   Cartão 1: Endereço não encontrado.
2025-11-08 23:37:29,267 - INFO -   Rating encontrado: 4.9
2025-11-08 23:37:29,272 - INFO -   Reviews encontrado: 8
2025-11-08 23:37:29,278 - INFO -   Telefone encontrado: (21) 2199-3722
2025-11-08 23:37:29,286 - INFO -   Website encontrado: N/A
2025-11-08 23:37:29,293 - INFO -   Tipo de negócio encontrado: Imobiliária
2025-11-08 23:37:29,293 - INFO -   Cartão 1 (ID: 1548769841615646026) - JÁ PROCESSADO. Ignorando.
2025-11-08 23:37:29,293 - INFO - Tentando extrair dados para o cartão 2...
2025-11-08 23:37:29,297 - INFO -   Nome encontrado: Aluguel de Galpão RJ
2025-11-08 23:37:29,306 - INFO -   Endereço encontrado:  · Av. Nossa Sra. de Copacabana, 435/1108
2025-11-08 23:37:29,313 - INFO -   Rating encontrado: 5.0
2025-11-08 23:37:29,320 - INFO -   Reviews encontrado: 1
2025-11-08 23:37:29,327 - INFO -   Telefone encontrado: (21) 99260-3562
2025-11-08 23:37:29,332 - INFO -   Website encontrado: https://antonioterra.com/
2025-11-08 23:37:29,339 - INFO -   Tipo de negócio encontrado: Agência de imóveis comerciais
2025-11-08 23:37:29,339 - INFO -   Cartão 2 (ID: -4174751625167368479) - JÁ PROCESSADO. Ignorando.
2025-11-08 23:37:29,339 - INFO - Tentando extrair dados para o cartão 3...
2025-11-08 23:37:29,346 - INFO -   Nome encontrado: Heranca Negócios Imobiliários & Assessoria Jurídica
2025-11-08 23:37:29,353 - INFO -   Endereço encontrado:  · Estr. dos Bandeirantes, nº 470
2025-11-08 23:37:29,358 - INFO -   Rating encontrado: 4.6
2025-11-08 23:37:29,361 - INFO -   Reviews encontrado: 30
2025-11-08 23:37:29,373 - INFO -   Telefone encontrado: (21) 3627-0027
2025-11-08 23:37:29,380 - INFO -   Website encontrado: http://www.herancaimoveis.com.br/
2025-11-08 23:37:29,387 - INFO -   Tipo de negócio encontrado: Imobiliária de aluguel de residências
2025-11-08 23:37:29,387 - INFO -   Cartão 3 (ID: -5749310779831260445) - JÁ PROCESSADO. Ignorando.
2025-11-08 23:37:29,387 - INFO - Tentando extrair dados para o cartão 4...
2025-11-08 23:37:29,394 - INFO -   Nome encontrado: Guarde Mais - Tv. Santo Antônio | Self Storage, Guarda Móveis, Guarda Volumes e Armazenagem em Niterói
2025-11-08 23:37:29,402 - INFO -   Endereço encontrado:  · Tv. Santo Antônio, 14
2025-11-08 23:37:29,410 - INFO -   Rating encontrado: 4.9
2025-11-08 23:37:29,416 - INFO -   Reviews encontrado: 130
2025-11-08 23:37:29,422 - INFO -   Telefone encontrado: (21) 98417-9482
2025-11-08 23:37:29,429 - INFO -   Website encontrado: https://guardemais.com.br/unidades-self-storage/rio-de-janeiro/niteroi/niteroi-travessa-santo-antonio/
2025-11-08 23:37:29,431 - INFO -   Tipo de negócio encontrado: Depósito
2025-11-08 23:37:29,431 - INFO -   Cartão 4 (ID: -5201103633208753706) - JÁ PROCESSADO. Ignorando.
2025-11-08 23:37:29,431 - INFO - Tentando extrair dados para o cartão 5...
2025-11-08 23:37:29,445 - INFO -   Nome encontrado: Cabral & Mesack
2025-11-08 23:37:29,453 - INFO -   Endereço encontrado:  · R. Silva Cardoso, 50 - Loja A
2025-11-08 23:37:29,461 - INFO -   Rating encontrado: 4.2
2025-11-08 23:37:29,469 - INFO -   Reviews encontrado: 181
2025-11-08 23:37:29,476 - INFO -   Telefone encontrado: (21) 2401-6179
2025-11-08 23:37:29,484 - INFO -   Website encontrado: http://www.cabralemesack.com.br/
2025-11-08 23:37:29,491 - INFO -   Tipo de negócio encontrado: Imobiliária
2025-11-08 23:37:29,491 - INFO -   Cartão 5 (ID: -2960769162377591685) - JÁ PROCESSADO. Ignorando.
2025-11-08 23:37:29,491 - INFO - Tentando extrair dados para o cartão 6...
2025-11-08 23:37:29,493 - INFO -   Nome encontrado: Instituto Nacional da Propriedade Industrial
2025-11-08 23:37:29,502 - INFO -   Endereço encontrado:  · Rua Mairink Veiga, 9
2025-11-08 23:37:29,512 - INFO -   Rating encontrado: 4.3
2025-11-08 23:37:29,518 - INFO -   Reviews encontrado: 322
2025-11-08 23:37:29,524 - INFO -   Telefone encontrado: (21) 3037-3000
2025-11-08 23:37:29,532 - INFO -   Website encontrado: http://www.gov.br/inpi
2025-11-08 23:37:29,532 - INFO -   Tipo de negócio encontrado: Repartição pública federal
2025-11-08 23:37:29,532 - INFO -   Cartão 6 (ID: -471693551329737424) - JÁ PROCESSADO. Ignorando.
2025-11-08 23:37:29,532 - INFO - Tentando extrair dados para o cartão 7...
2025-11-08 23:37:29,545 - INFO -   Nome encontrado: ROYAL IMÓVEIS RJ
2025-11-08 23:37:29,553 - INFO -   Endereço encontrado:  · Estrada de Jacarepaguá 7221 Salas 316, 317 e 318
2025-11-08 23:37:29,558 - INFO -   Rating encontrado: 5.0
2025-11-08 23:37:29,565 - INFO -   Reviews encontrado: 190
2025-11-08 23:37:29,572 - INFO -   Telefone encontrado: (21) 99800-1209
2025-11-08 23:37:29,579 - INFO -   Website encontrado: http://www.royalimoveisrj.com/
2025-11-08 23:37:29,585 - INFO -   Tipo de negócio encontrado: Imobiliária
2025-11-08 23:37:29,585 - INFO -   Cartão 7 (ID: -5325251648547731240) - JÁ PROCESSADO. Ignorando.
2025-11-08 23:37:29,585 - INFO - Tentando extrair dados para o cartão 8...
2025-11-08 23:37:29,591 - INFO -   Nome encontrado: PATRIMONIORIO
2025-11-08 23:37:59,611 - WARNING -   Cartão 8: Endereço não encontrado.
2025-11-08 23:37:59,619 - INFO -   Rating encontrado: 4.4
2025-11-08 23:37:59,625 - INFO -   Reviews encontrado: 164
2025-11-08 23:37:59,630 - INFO -   Telefone encontrado: (21) 3301-9150
2025-11-08 23:37:59,636 - INFO -   Website encontrado: http://www.patrimoniorio.com.br/
2025-11-08 23:37:59,642 - INFO -   Tipo de negócio encontrado: Consultora de imóveis
2025-11-08 23:37:59,642 - INFO -   Cartão 8 (ID: 3650459015515516165) - NOVO. Adicionado.
2025-11-08 23:37:59,642 - INFO - Tentando extrair dados para o cartão 9...
2025-11-08 23:37:59,650 - INFO -   Nome encontrado: GALPÕES INDUSTRIAIS
2025-11-08 23:37:59,655 - INFO -   Endereço encontrado:  · Avenida Santos Dumont, 2321 - sob loja
2025-11-08 23:37:59,659 - INFO -   Rating encontrado: 4.9
2025-11-08 23:37:59,667 - INFO -   Reviews encontrado: 37
2025-11-08 23:37:59,671 - INFO -   Telefone encontrado: (11) 2412-0303
2025-11-08 23:37:59,678 - INFO -   Website encontrado: https://www.galpoesindustriais.com/
2025-11-08 23:37:59,685 - INFO -   Tipo de negócio encontrado: Imobiliária
2025-11-08 23:37:59,687 - INFO -   Cartão 9 (ID: 2163776762487722348) - NOVO. Adicionado.
2025-11-08 23:37:59,687 - INFO - Tentando extrair dados para o cartão 10...
2025-11-08 23:37:59,691 - INFO -   Nome encontrado: Block Imóveis
2025-11-08 23:37:59,696 - INFO -   Endereço encontrado:  · Av. Genaro de Carvalho, 1305
2025-11-08 23:37:59,701 - INFO -   Rating encontrado: 4.8
2025-11-08 23:37:59,706 - INFO -   Reviews encontrado: 766
2025-11-08 23:37:59,712 - INFO -   Telefone encontrado: (21) 2437-9295
2025-11-08 23:37:59,718 - INFO -   Website encontrado: http://www.blockimoveis.com.br/
2025-11-08 23:37:59,724 - INFO -   Tipo de negócio encontrado: Imobiliária
2025-11-08 23:37:59,724 - INFO -   Cartão 10 (ID: -1989113591463317817) - NOVO. Adicionado.
2025-11-08 23:37:59,724 - INFO - Novas empresas únicas detectadas nesta rolagem. Resetando contador.
2025-11-08 23:37:59,752 - INFO - Empresas visíveis antes da rolagem: 11
2025-11-08 23:38:05,106 - INFO - Empresas visíveis após rolagem: 11
2025-11-08 23:38:05,106 - INFO - Nenhuma nova empresa visível detectada. Contador: 1/15
2025-11-08 23:38:05,106 - INFO - Tentando extrair dados para o cartão 0...
2025-11-08 23:38:05,112 - INFO -   Nome encontrado: Green Imóveis
2025-11-08 23:38:35,130 - WARNING -   Cartão 0: Endereço não encontrado.
2025-11-08 23:38:35,130 - INFO -   Rating encontrado: 4.2
2025-11-08 23:38:35,130 - INFO -   Reviews encontrado: 28
2025-11-08 23:38:35,130 - INFO -   Telefone encontrado: (21) 2439-0531
2025-11-08 23:38:35,146 - INFO -   Website encontrado: N/A
2025-11-08 23:38:35,146 - INFO -   Tipo de negócio encontrado: Imobiliária
2025-11-08 23:38:35,146 - INFO -   Cartão 0 (ID: 2780590862223705466) - JÁ PROCESSADO. Ignorando.
2025-11-08 23:38:35,146 - INFO - Tentando extrair dados para o cartão 1...
2025-11-08 23:38:35,146 - INFO -   Nome encontrado: Sérgio Castro Imóveis (Copacabana)
2025-11-08 23:39:05,168 - WARNING -   Cartão 1: Endereço não encontrado.
2025-11-08 23:39:05,168 - INFO -   Rating encontrado: 4.9
2025-11-08 23:39:05,174 - INFO -   Reviews encontrado: 8
2025-11-08 23:39:05,174 - INFO -   Telefone encontrado: (21) 2199-3722
2025-11-08 23:39:05,182 - INFO -   Website encontrado: N/A
2025-11-08 23:39:05,182 - INFO -   Tipo de negócio encontrado: Imobiliária
2025-11-08 23:39:05,182 - INFO -   Cartão 1 (ID: 1548769841615646026) - JÁ PROCESSADO. Ignorando.
2025-11-08 23:39:05,182 - INFO - Tentando extrair dados para o cartão 2...
2025-11-08 23:39:05,182 - INFO -   Nome encontrado: Aluguel de Galpão RJ
2025-11-08 23:39:05,182 - INFO -   Endereço encontrado:  · Av. Nossa Sra. de Copacabana, 435/1108
2025-11-08 23:39:05,182 - INFO -   Rating encontrado: 5.0
2025-11-08 23:39:05,205 - INFO -   Reviews encontrado: 1
2025-11-08 23:39:05,211 - INFO -   Telefone encontrado: (21) 99260-3562
2025-11-08 23:39:05,217 - INFO -   Website encontrado: https://antonioterra.com/
2025-11-08 23:39:05,226 - INFO -   Tipo de negócio encontrado: Agência de imóveis comerciais
2025-11-08 23:39:05,226 - INFO -   Cartão 2 (ID: -4174751625167368479) - JÁ PROCESSADO. Ignorando.
2025-11-08 23:39:05,226 - INFO - Tentando extrair dados para o cartão 3...
2025-11-08 23:39:05,230 - INFO -   Nome encontrado: Heranca Negócios Imobiliários & Assessoria Jurídica
2025-11-08 23:39:05,233 - INFO -   Endereço encontrado:  · Estr. dos Bandeirantes, nº 470
2025-11-08 23:39:05,237 - INFO -   Rating encontrado: 4.6
2025-11-08 23:39:05,239 - INFO -   Reviews encontrado: 30
2025-11-08 23:39:05,244 - INFO -   Telefone encontrado: (21) 3627-0027
2025-11-08 23:39:05,247 - INFO -   Website encontrado: http://www.herancaimoveis.com.br/
2025-11-08 23:39:05,250 - INFO -   Tipo de negócio encontrado: Imobiliária de aluguel de residências
2025-11-08 23:39:05,250 - INFO -   Cartão 3 (ID: -5749310779831260445) - JÁ PROCESSADO. Ignorando.
2025-11-08 23:39:05,250 - INFO - Tentando extrair dados para o cartão 4...
2025-11-08 23:39:05,254 - INFO -   Nome encontrado: Guarde Mais - Tv. Santo Antônio | Self Storage, Guarda Móveis, Guarda Volumes e Armazenagem em Niterói
2025-11-08 23:39:05,257 - INFO -   Endereço encontrado:  · Tv. Santo Antônio, 14
2025-11-08 23:39:05,261 - INFO -   Rating encontrado: 4.9
2025-11-08 23:39:05,264 - INFO -   Reviews encontrado: 130
2025-11-08 23:39:05,268 - INFO -   Telefone encontrado: (21) 98417-9482
2025-11-08 23:39:05,271 - INFO -   Website encontrado: https://guardemais.com.br/unidades-self-storage/rio-de-janeiro/niteroi/niteroi-travessa-santo-antonio/
2025-11-08 23:39:05,275 - INFO -   Tipo de negócio encontrado: Depósito
2025-11-08 23:39:05,275 - INFO -   Cartão 4 (ID: -5201103633208753706) - JÁ PROCESSADO. Ignorando.
2025-11-08 23:39:05,275 - INFO - Tentando extrair dados para o cartão 5...
2025-11-08 23:39:05,279 - INFO -   Nome encontrado: Cabral & Mesack
2025-11-08 23:39:05,281 - INFO -   Endereço encontrado:  · R. Silva Cardoso, 50 - Loja A
2025-11-08 23:39:05,286 - INFO -   Rating encontrado: 4.2
2025-11-08 23:39:05,288 - INFO -   Reviews encontrado: 181
2025-11-08 23:39:05,293 - INFO -   Telefone encontrado: (21) 2401-6179
2025-11-08 23:39:05,297 - INFO -   Website encontrado: http://www.cabralemesack.com.br/
2025-11-08 23:39:05,300 - INFO -   Tipo de negócio encontrado: Imobiliária
2025-11-08 23:39:05,300 - INFO -   Cartão 5 (ID: -2960769162377591685) - JÁ PROCESSADO. Ignorando.
2025-11-08 23:39:05,300 - INFO - Tentando extrair dados para o cartão 6...
2025-11-08 23:39:05,302 - INFO -   Nome encontrado: Instituto Nacional da Propriedade Industrial
2025-11-08 23:39:05,307 - INFO -   Endereço encontrado:  · Rua Mairink Veiga, 9
2025-11-08 23:39:05,311 - INFO -   Rating encontrado: 4.3
2025-11-08 23:39:05,314 - INFO -   Reviews encontrado: 322
2025-11-08 23:39:05,318 - INFO -   Telefone encontrado: (21) 3037-3000
2025-11-08 23:39:05,321 - INFO -   Website encontrado: http://www.gov.br/inpi
2025-11-08 23:39:05,325 - INFO -   Tipo de negócio encontrado: Repartição pública federal
2025-11-08 23:39:05,325 - INFO -   Cartão 6 (ID: -471693551329737424) - JÁ PROCESSADO. Ignorando.
2025-11-08 23:39:05,325 - INFO - Tentando extrair dados para o cartão 7...
2025-11-08 23:39:05,329 - INFO -   Nome encontrado: ROYAL IMÓVEIS RJ
2025-11-08 23:39:05,333 - INFO -   Endereço encontrado:  · Estrada de Jacarepaguá 7221 Salas 316, 317 e 318
2025-11-08 23:39:05,334 - INFO -   Rating encontrado: 5.0
2025-11-08 23:39:05,340 - INFO -   Reviews encontrado: 190
2025-11-08 23:39:05,344 - INFO -   Telefone encontrado: (21) 99800-1209
2025-11-08 23:39:05,347 - INFO -   Website encontrado: http://www.royalimoveisrj.com/
2025-11-08 23:39:05,351 - INFO -   Tipo de negócio encontrado: Imobiliária
2025-11-08 23:39:05,351 - INFO -   Cartão 7 (ID: -5325251648547731240) - JÁ PROCESSADO. Ignorando.
2025-11-08 23:39:05,351 - INFO - Tentando extrair dados para o cartão 8...
2025-11-08 23:39:05,354 - INFO -   Nome encontrado: PATRIMONIORIO
2025-11-08 23:39:35,367 - WARNING -   Cartão 8: Endereço não encontrado.
2025-11-08 23:39:35,371 - INFO -   Rating encontrado: 4.4
2025-11-08 23:39:35,378 - INFO -   Reviews encontrado: 164
2025-11-08 23:39:35,383 - INFO -   Telefone encontrado: (21) 3301-9150
2025-11-08 23:39:35,389 - INFO -   Website encontrado: http://www.patrimoniorio.com.br/
2025-11-08 23:39:35,397 - INFO -   Tipo de negócio encontrado: Consultora de imóveis
2025-11-08 23:39:35,397 - INFO -   Cartão 8 (ID: 3650459015515516165) - JÁ PROCESSADO. Ignorando.
2025-11-08 23:39:35,399 - INFO - Tentando extrair dados para o cartão 9...
2025-11-08 23:39:35,404 - INFO -   Nome encontrado: GALPÕES INDUSTRIAIS
2025-11-08 23:39:35,410 - INFO -   Endereço encontrado:  · Avenida Santos Dumont, 2321 - sob loja
2025-11-08 23:39:35,414 - INFO -   Rating encontrado: 4.9
2025-11-08 23:39:35,418 - INFO -   Reviews encontrado: 37
2025-11-08 23:39:35,424 - INFO -   Telefone encontrado: (11) 2412-0303
2025-11-08 23:39:35,429 - INFO -   Website encontrado: https://www.galpoesindustriais.com/
2025-11-08 23:39:35,434 - INFO -   Tipo de negócio encontrado: Imobiliária
2025-11-08 23:39:35,434 - INFO -   Cartão 9 (ID: 2163776762487722348) - JÁ PROCESSADO. Ignorando.
2025-11-08 23:39:35,434 - INFO - Tentando extrair dados para o cartão 10...
2025-11-08 23:39:35,438 - INFO -   Nome encontrado: Block Imóveis
2025-11-08 23:39:35,444 - INFO -   Endereço encontrado:  · Av. Genaro de Carvalho, 1305
2025-11-08 23:39:35,447 - INFO -   Rating encontrado: 4.8
2025-11-08 23:39:35,452 - INFO -   Reviews encontrado: 766
2025-11-08 23:39:35,457 - INFO -   Telefone encontrado: (21) 2437-9295
2025-11-08 23:39:35,462 - INFO -   Website encontrado: http://www.blockimoveis.com.br/
2025-11-08 23:39:35,469 - INFO -   Tipo de negócio encontrado: Imobiliária
2025-11-08 23:39:35,469 - INFO -   Cartão 10 (ID: -1989113591463317817) - JÁ PROCESSADO. Ignorando.
2025-11-08 23:39:35,469 - INFO - Nenhuma nova empresa única detectada. Contador: 2/15
2025-11-08 23:39:35,486 - INFO - Fim da rolagem. Nenhuma nova altura de rolagem detectada. Parando a rolagem.
2025-11-08 23:39:35,962 - INFO - Navegador fechado.
2025-11-08 23:39:36,001 - INFO - Aguardando 7.89 segundos antes da próxima requisição para evitar bloqueio...
2025-11-08 23:39:43,898 - INFO - Arquivo existente renomeado para C:\Users\Ken\Desktop\Projeto\Oportunidades Empresa\Trae - Negocios\results\csv\dados_empresas_googlemaps_sub_20251108_233943.csv
2025-11-08 23:39:43,900 - INFO - 
\u2705 Dados salvos em 'C:\Users\Ken\Desktop\Projeto\Oportunidades Empresa\Trae - Negocios\results\csv\dados_empresas_googlemaps.csv' com 11 registros.
2025-11-08 23:39:43,903 - INFO - 
\U0001f4ca Resumo inicial:
2025-11-08 23:39:43,903 - INFO -                                                                    quantidade_empresas  ...  total_reviews
cidade         nicho                                                                    ...               
Rio de Janeiro Regularização de imóveis antigos e galpões indu...                   11  ...           1857

[1 rows x 3 columns]
